<?xml version="1.0" encoding="UTF-8"?>
<!-- Generated by org.testng.reporters.JUnitXMLReporter -->
<testsuite ignored="0" hostname="BINTERNS-QA35L" failures="0" tests="16" name="Surefire test" time="48.434" errors="0" timestamp="2023-05-16T18:52:18 IST">
  <testcase classname="test_method.Hrms_method" name="Username" time="1.076"/>
  <testcase classname="test_method.Hrms_method" name="Password" time="17.946"/>
  <testcase classname="test_method.Hrms_method" name="Information_centre" time="1.061"/>
  <testcase classname="test_method.Hrms_method" name="Member_list" time="1.427"/>
  <testcase classname="test_method.Hrms_method" name="Search_type" time="1.107"/>
  <testcase classname="test_method.Hrms_method" name="Search_for" time="6.96"/>
  <testcase classname="test_method.Hrms_method" name="User1_mailupadte" time="1.186"/>
  <testcase classname="test_method.Hrms_method" name="Mail2_button" time="2.644"/>
  <testcase classname="test_method.Hrms_method" name="User2_button" time="1.931"/>
  <testcase classname="test_method.Hrms_method" name="User2_mailupadte" time="1.49"/>
  <testcase classname="test_method.Hrms_method" name="Mail3_button" time="2.626"/>
  <testcase classname="test_method.Hrms_method" name="User3_button" time="1.272"/>
  <testcase classname="test_method.Hrms_method" name="User3_movebutton" time="1.236"/>
  <testcase classname="test_method.Hrms_method" name="User3_mailupadte" time="1.488"/>
  <testcase classname="test_method.Hrms_method" name="user4_button" time="2.91"/>
  <testcase classname="test_method.Hrms_method" name="Mail4_mailupadte" time="1.684"/>
</testsuite> <!-- Surefire test -->
