<?xml version="1.0" encoding="UTF-8"?>
<!-- Generated by org.testng.reporters.JUnitXMLReporter -->
<testsuite ignored="6" hostname="BINTERNS-QA35L" failures="0" tests="4" name="Default test" time="19.725" errors="0" timestamp="2023-05-18T17:08:33 IST">
  <testcase classname="test_method.PharmEasy_Healthblogs" name="Healthblogs" time="11.079"/>
  <testcase classname="test_method.PharmEasy_Healthblogs" name="Cranberry" time="6.011"/>
  <testcase classname="test_method.PharmEasy_Healthblogs" name="Thyroid" time="0.815"/>
  <testcase classname="test_method.PharmEasy_Healthblogs" name="Home_remedies" time="1.413"/>
  <testcase classname="test_method.PharmEasy_Healthblogs" name="Ayurveda" time="0.0">
    <ignored/>
  </testcase> <!-- Ayurveda -->
  <testcase classname="test_method.PharmEasy_Healthblogs" name="Blog_page" time="0.0">
    <ignored/>
  </testcase> <!-- Blog_page -->
  <testcase classname="test_method.PharmEasy_Healthblogs" name="Health_todays" time="0.0">
    <ignored/>
  </testcase> <!-- Health_todays -->
  <testcase classname="test_method.PharmEasy_Healthblogs" name="Wellness" time="0.0">
    <ignored/>
  </testcase> <!-- Wellness -->
  <testcase classname="test_method.PharmEasy_Healthblogs" name="Lifestyles" time="0.0">
    <ignored/>
  </testcase> <!-- Lifestyles -->
  <testcase classname="test_method.PharmEasy_Healthblogs" name="Email" time="0.0">
    <ignored/>
  </testcase> <!-- Email -->
</testsuite> <!-- Default test -->
