<?xml version="1.0" encoding="UTF-8"?>
<testng-results ignored="6" total="10" passed="4" failed="0" skipped="0">
  <reporter-output>
  </reporter-output>
  <suite started-at="2023-05-18T17:08:13 IST" name="Default suite" finished-at="2023-05-18T17:08:33 IST" duration-ms="19725">
    <groups>
    </groups>
    <test started-at="2023-05-18T17:08:13 IST" name="Default test" finished-at="2023-05-18T17:08:33 IST" duration-ms="19725">
      <class name="test_method.PharmEasy_Healthblogs">
        <test-method is-config="true" signature="Launch()[pri:0, instance:test_method.PharmEasy_Healthblogs@6d4d66d2]" started-at="2023-05-18T17:08:04 IST" name="Launch" finished-at="2023-05-18T17:08:13 IST" duration-ms="9820" status="PASS">
          <reporter-output>
          </reporter-output>
        </test-method> <!-- Launch -->
        <test-method is-config="true" signature="x()[pri:0, instance:test_method.PharmEasy_Healthblogs@6d4d66d2]" started-at="2023-05-18T17:08:13 IST" name="x" finished-at="2023-05-18T17:08:14 IST" duration-ms="176" status="PASS">
          <reporter-output>
          </reporter-output>
        </test-method> <!-- x -->
        <test-method signature="Healthblogs()[pri:1, instance:test_method.PharmEasy_Healthblogs@6d4d66d2]" started-at="2023-05-18T17:08:14 IST" name="Healthblogs" finished-at="2023-05-18T17:08:25 IST" duration-ms="11079" status="PASS">
          <reporter-output>
          </reporter-output>
        </test-method> <!-- Healthblogs -->
        <test-method signature="Cranberry()[pri:2, instance:test_method.PharmEasy_Healthblogs@6d4d66d2]" started-at="2023-05-18T17:08:25 IST" name="Cranberry" finished-at="2023-05-18T17:08:31 IST" duration-ms="6011" status="PASS">
          <reporter-output>
          </reporter-output>
        </test-method> <!-- Cranberry -->
        <test-method signature="Thyroid()[pri:3, instance:test_method.PharmEasy_Healthblogs@6d4d66d2]" started-at="2023-05-18T17:08:31 IST" name="Thyroid" finished-at="2023-05-18T17:08:32 IST" duration-ms="815" status="PASS">
          <reporter-output>
          </reporter-output>
        </test-method> <!-- Thyroid -->
        <test-method signature="Home_remedies()[pri:4, instance:test_method.PharmEasy_Healthblogs@6d4d66d2]" started-at="2023-05-18T17:08:32 IST" name="Home_remedies" finished-at="2023-05-18T17:08:33 IST" duration-ms="1413" status="PASS">
          <reporter-output>
          </reporter-output>
        </test-method> <!-- Home_remedies -->
        <test-method is-config="true" signature="y()[pri:0, instance:test_method.PharmEasy_Healthblogs@6d4d66d2]" started-at="2023-05-18T17:08:33 IST" name="y" finished-at="2023-05-18T17:08:33 IST" duration-ms="171" status="PASS">
          <reporter-output>
          </reporter-output>
        </test-method> <!-- y -->
      </class> <!-- test_method.PharmEasy_Healthblogs -->
    </test> <!-- Default test -->
  </suite> <!-- Default suite -->
</testng-results>
